2024-12-07T19:55:01.992+01:00  INFO 47189 --- [restartedMain] org.example.Main                         : Starting Main using Java 17.0.13 with PID 47189 (/home/serafim/Downloads/demo/build/classes/java/main started by serafim in /home/serafim/Downloads/demo)
2024-12-07T19:55:01.995+01:00  INFO 47189 --- [restartedMain] org.example.Main                         : No active profile set, falling back to 1 default profile: "default"
2024-12-07T19:55:02.140+01:00  INFO 47189 --- [restartedMain] .e.DevToolsPropertyDefaultsPostProcessor : Devtools property defaults active! Set 'spring.devtools.add-properties' to 'false' to disable
2024-12-07T19:55:02.140+01:00  INFO 47189 --- [restartedMain] .e.DevToolsPropertyDefaultsPostProcessor : For additional web related logging consider setting the 'logging.level.web' property to 'DEBUG'
2024-12-07T19:55:03.618+01:00  INFO 47189 --- [restartedMain] .s.d.r.c.RepositoryConfigurationDelegate : Bootstrapping Spring Data JPA repositories in DEFAULT mode.
2024-12-07T19:55:03.705+01:00  INFO 47189 --- [restartedMain] .s.d.r.c.RepositoryConfigurationDelegate : Finished Spring Data repository scanning in 81 ms. Found 4 JPA repository interfaces.
2024-12-07T19:55:04.431+01:00  INFO 47189 --- [restartedMain] o.s.b.w.embedded.tomcat.TomcatWebServer  : Tomcat initialized with port 8080 (http)
2024-12-07T19:55:04.448+01:00  INFO 47189 --- [restartedMain] o.apache.catalina.core.StandardService   : Starting service [Tomcat]
2024-12-07T19:55:04.448+01:00  INFO 47189 --- [restartedMain] o.apache.catalina.core.StandardEngine    : Starting Servlet engine: [Apache Tomcat/10.1.31]
2024-12-07T19:55:04.475+01:00  INFO 47189 --- [restartedMain] o.a.c.c.C.[Tomcat].[localhost].[/]       : Initializing Spring embedded WebApplicationContext
2024-12-07T19:55:04.475+01:00  INFO 47189 --- [restartedMain] w.s.c.ServletWebServerApplicationContext : Root WebApplicationContext: initialization completed in 2335 ms
2024-12-07T19:55:04.701+01:00  INFO 47189 --- [restartedMain] o.hibernate.jpa.internal.util.LogHelper  : HHH000204: Processing PersistenceUnitInfo [name: default]
2024-12-07T19:55:04.766+01:00  INFO 47189 --- [restartedMain] org.hibernate.Version                    : HHH000412: Hibernate ORM core version 6.5.3.Final
2024-12-07T19:55:04.803+01:00  INFO 47189 --- [restartedMain] o.h.c.internal.RegionFactoryInitiator    : HHH000026: Second-level cache disabled
2024-12-07T19:55:05.125+01:00  INFO 47189 --- [restartedMain] o.s.o.j.p.SpringPersistenceUnitInfo      : No LoadTimeWeaver setup: ignoring JPA class transformer
2024-12-07T19:55:05.172+01:00  INFO 47189 --- [restartedMain] com.zaxxer.hikari.HikariDataSource       : HikariPool - Starting...
2024-12-07T19:55:05.566+01:00  INFO 47189 --- [restartedMain] com.zaxxer.hikari.pool.HikariPool        : HikariPool - Added connection org.postgresql.jdbc.PgConnection@2eff96d4
2024-12-07T19:55:05.567+01:00  INFO 47189 --- [restartedMain] com.zaxxer.hikari.HikariDataSource       : HikariPool - Start completed.
2024-12-07T19:55:05.645+01:00  WARN 47189 --- [restartedMain] org.hibernate.orm.deprecation            : HHH90000025: PostgreSQLDialect does not need to be specified explicitly using 'hibernate.dialect' (remove the property setting and it will be selected by default)
2024-12-07T19:55:06.324+01:00  INFO 47189 --- [restartedMain] o.h.e.t.j.p.i.JtaPlatformInitiator       : HHH000489: No JTA platform available (set 'hibernate.transaction.jta.platform' to enable JTA platform integration)
2024-12-07T19:55:06.611+01:00  INFO 47189 --- [restartedMain] j.LocalContainerEntityManagerFactoryBean : Initialized JPA EntityManagerFactory for persistence unit 'default'
2024-12-07T19:55:06.895+01:00  INFO 47189 --- [restartedMain] o.s.d.j.r.query.QueryEnhancerFactory     : Hibernate is in classpath; If applicable, HQL parser will be used.
2024-12-07T19:55:07.743+01:00  WARN 47189 --- [restartedMain] JpaBaseConfiguration$JpaWebConfiguration : spring.jpa.open-in-view is enabled by default. Therefore, database queries may be performed during view rendering. Explicitly configure spring.jpa.open-in-view to disable this warning
2024-12-07T19:55:07.920+01:00 DEBUG 47189 --- [restartedMain] s.w.s.m.m.a.RequestMappingHandlerMapping : 24 mappings in 'requestMappingHandlerMapping'
2024-12-07T19:55:07.957+01:00 DEBUG 47189 --- [restartedMain] o.s.w.s.handler.SimpleUrlHandlerMapping  : Patterns [/resources/**] in 'resourceHandlerMapping'
2024-12-07T19:55:08.041+01:00 DEBUG 47189 --- [restartedMain] s.w.s.m.m.a.RequestMappingHandlerAdapter : ControllerAdvice beans: 0 @ModelAttribute, 0 @InitBinder, 1 RequestBodyAdvice, 1 ResponseBodyAdvice
2024-12-07T19:55:08.074+01:00 DEBUG 47189 --- [restartedMain] .m.m.a.ExceptionHandlerExceptionResolver : ControllerAdvice beans: 1 @ExceptionHandler, 1 ResponseBodyAdvice
2024-12-07T19:55:08.455+01:00  WARN 47189 --- [restartedMain] ion$DefaultTemplateResolverConfiguration : Cannot find template location: classpath:/templates/ (please add some templates, check your Thymeleaf configuration, or set spring.thymeleaf.check-template-location=false)
2024-12-07T19:55:08.494+01:00  INFO 47189 --- [restartedMain] o.s.b.d.a.OptionalLiveReloadServer       : LiveReload server is running on port 35729
2024-12-07T19:55:08.569+01:00  INFO 47189 --- [restartedMain] o.s.b.w.embedded.tomcat.TomcatWebServer  : Tomcat started on port 8080 (http) with context path '/'
2024-12-07T19:55:08.572+01:00  INFO 47189 --- [restartedMain] o.s.a.r.c.CachingConnectionFactory       : Attempting to connect to: [localhost:5672]
2024-12-07T19:55:08.614+01:00  INFO 47189 --- [restartedMain] o.s.a.r.c.CachingConnectionFactory       : Created new connection: rabbitConnectionFactory#cc9f421:0/SimpleConnection@d31639a [delegate=amqp://guest@127.0.0.1:5672/, localPort=55276]
2024-12-07T19:55:08.646+01:00  INFO 47189 --- [restartedMain] org.example.Main                         : Started Main in 7.445 seconds (process running for 8.855)
2024-12-07T19:55:20.391+01:00  INFO 47189 --- [http-nio-0.0.0.0-8080-exec-1] o.a.c.c.C.[Tomcat].[localhost].[/]       : Initializing Spring DispatcherServlet 'dispatcherServlet'
2024-12-07T19:55:20.391+01:00  INFO 47189 --- [http-nio-0.0.0.0-8080-exec-1] o.s.web.servlet.DispatcherServlet        : Initializing Servlet 'dispatcherServlet'
2024-12-07T19:55:20.391+01:00 DEBUG 47189 --- [http-nio-0.0.0.0-8080-exec-1] o.s.web.servlet.DispatcherServlet        : Detected StandardServletMultipartResolver
2024-12-07T19:55:20.391+01:00 DEBUG 47189 --- [http-nio-0.0.0.0-8080-exec-1] o.s.web.servlet.DispatcherServlet        : Detected AcceptHeaderLocaleResolver
2024-12-07T19:55:20.391+01:00 DEBUG 47189 --- [http-nio-0.0.0.0-8080-exec-1] o.s.web.servlet.DispatcherServlet        : Detected FixedThemeResolver
2024-12-07T19:55:20.392+01:00 DEBUG 47189 --- [http-nio-0.0.0.0-8080-exec-1] o.s.web.servlet.DispatcherServlet        : Detected org.springframework.web.servlet.view.DefaultRequestToViewNameTranslator@5c8701d3
2024-12-07T19:55:20.392+01:00 DEBUG 47189 --- [http-nio-0.0.0.0-8080-exec-1] o.s.web.servlet.DispatcherServlet        : Detected org.springframework.web.servlet.support.SessionFlashMapManager@22dc49d
2024-12-07T19:55:20.392+01:00 DEBUG 47189 --- [http-nio-0.0.0.0-8080-exec-1] o.s.web.servlet.DispatcherServlet        : enableLoggingRequestDetails='false': request parameters and headers will be masked to prevent unsafe logging of potentially sensitive data
2024-12-07T19:55:20.393+01:00  INFO 47189 --- [http-nio-0.0.0.0-8080-exec-1] o.s.web.servlet.DispatcherServlet        : Completed initialization in 1 ms
2024-12-07T19:55:20.585+01:00 DEBUG 47189 --- [http-nio-0.0.0.0-8080-exec-1] org.hibernate.SQL                        : 
    select
        u1_0.user_id,
        c1_0.customer_id,
        c1_0.name,
        c1_0.sector,
        c1_0.version,
        u1_0.password,
        u1_0.role,
        u1_0.username 
    from
        users u1_0 
    join
        customers c1_0 
            on u1_0.user_id=c1_0.user_id 
    where
        u1_0.user_id=?
2024-12-07T19:55:20.612+01:00 DEBUG 47189 --- [http-nio-0.0.0.0-8080-exec-1] org.hibernate.SQL                        : 
    select
        o1_0.customer_id,
        o1_0.order_id,
        o1_0.deliver_to 
    from
        orders o1_0 
    where
        o1_0.customer_id=?
2024-12-07T19:55:20.615+01:00 DEBUG 47189 --- [http-nio-0.0.0.0-8080-exec-1] org.hibernate.SQL                        : 
    select
        li1_0.order_id,
        li1_0.line_item_id,
        p1_0.product_id,
        p1_0.price,
        p1_0.product_name,
        li1_0.quantity 
    from
        line_items li1_0 
    left join
        products p1_0 
            on p1_0.product_id=li1_0.product_id 
    where
        li1_0.order_id=?
2024-12-07T19:55:20.616+01:00 DEBUG 47189 --- [http-nio-0.0.0.0-8080-exec-1] org.hibernate.SQL                        : 
    select
        li1_0.order_id,
        li1_0.line_item_id,
        p1_0.product_id,
        p1_0.price,
        p1_0.product_name,
        li1_0.quantity 
    from
        line_items li1_0 
    left join
        products p1_0 
            on p1_0.product_id=li1_0.product_id 
    where
        li1_0.order_id=?
2024-12-07T19:55:20.617+01:00 DEBUG 47189 --- [http-nio-0.0.0.0-8080-exec-1] org.hibernate.SQL                        : 
    select
        li1_0.order_id,
        li1_0.line_item_id,
        p1_0.product_id,
        p1_0.price,
        p1_0.product_name,
        li1_0.quantity 
    from
        line_items li1_0 
    left join
        products p1_0 
            on p1_0.product_id=li1_0.product_id 
    where
        li1_0.order_id=?
2024-12-07T19:55:20.618+01:00 DEBUG 47189 --- [http-nio-0.0.0.0-8080-exec-1] org.hibernate.SQL                        : 
    select
        li1_0.order_id,
        li1_0.line_item_id,
        p1_0.product_id,
        p1_0.price,
        p1_0.product_name,
        li1_0.quantity 
    from
        line_items li1_0 
    left join
        products p1_0 
            on p1_0.product_id=li1_0.product_id 
    where
        li1_0.order_id=?
2024-12-07T19:55:20.631+01:00  WARN 47189 --- [http-nio-0.0.0.0-8080-exec-1] o.s.w.s.h.HandlerMappingIntrospector     : Cache miss for REQUEST dispatch to '/api/order/11' (previous null). Performing MatchableHandlerMapping lookup. This is logged once only at WARN level, and every time at TRACE.
2024-12-07T19:55:20.667+01:00 DEBUG 47189 --- [http-nio-0.0.0.0-8080-exec-1] o.s.web.servlet.DispatcherServlet        : GET "/api/order/11", parameters={}
2024-12-07T19:55:20.669+01:00 DEBUG 47189 --- [http-nio-0.0.0.0-8080-exec-1] s.w.s.m.m.a.RequestMappingHandlerMapping : Mapped to org.example.order.controller.OrderController#read(Long)
2024-12-07T19:55:20.702+01:00 DEBUG 47189 --- [http-nio-0.0.0.0-8080-exec-1] .m.m.a.ExceptionHandlerExceptionResolver : Using @ExceptionHandler org.example.configurations.globalExceptionHandler.GlobalExceptionHandler#handleAuthorizationDeniedException(AuthorizationDeniedException)
2024-12-07T19:55:20.757+01:00 DEBUG 47189 --- [http-nio-0.0.0.0-8080-exec-1] o.s.w.s.m.m.a.HttpEntityMethodProcessor  : Using 'text/plain', given [*/*] and supported [text/plain, */*, application/json, application/*+json]
2024-12-07T19:55:20.757+01:00 DEBUG 47189 --- [http-nio-0.0.0.0-8080-exec-1] o.s.w.s.m.m.a.HttpEntityMethodProcessor  : Writing ["Access DeniedAccess Denied"]
2024-12-07T19:55:20.761+01:00 DEBUG 47189 --- [http-nio-0.0.0.0-8080-exec-1] .m.m.a.ExceptionHandlerExceptionResolver : Resolved [org.springframework.security.authorization.AuthorizationDeniedException: Access Denied]
2024-12-07T19:55:20.761+01:00 DEBUG 47189 --- [http-nio-0.0.0.0-8080-exec-1] o.s.web.servlet.DispatcherServlet        : Completed 401 UNAUTHORIZED
2024-12-07T19:55:34.654+01:00 DEBUG 47189 --- [http-nio-0.0.0.0-8080-exec-2] o.s.web.servlet.DispatcherServlet        : POST "/api/v1/auth/authentication", parameters={}
2024-12-07T19:55:34.654+01:00 DEBUG 47189 --- [http-nio-0.0.0.0-8080-exec-2] s.w.s.m.m.a.RequestMappingHandlerMapping : Mapped to org.example.authentication.controller.AuthController#authentication(RequestLoginDTO)
2024-12-07T19:55:34.702+01:00 DEBUG 47189 --- [http-nio-0.0.0.0-8080-exec-2] m.m.a.RequestResponseBodyMethodProcessor : Read "application/json;charset=UTF-8" to [RequestLoginDTO[username=username1, password=password]]
2024-12-07T19:55:34.715+01:00  INFO 47189 --- [http-nio-0.0.0.0-8080-exec-2] org.example.logging.loggingAspect        : 
Name:org.example.authentication.controller.AuthController
	Args:authentication
2024-12-07T19:55:34.818+01:00 DEBUG 47189 --- [http-nio-0.0.0.0-8080-exec-2] org.hibernate.SQL                        : 
    select
        u1_0.user_id,
        u1_0.password,
        u1_0.role,
        u1_0.username 
    from
        users u1_0 
    where
        u1_0.username=?
2024-12-07T19:55:34.834+01:00 DEBUG 47189 --- [http-nio-0.0.0.0-8080-exec-2] org.hibernate.SQL                        : 
    select
        c1_0.customer_id,
        c1_0.name,
        c1_0.sector,
        u1_0.user_id,
        u1_0.password,
        u1_0.role,
        u1_0.username,
        c1_0.version 
    from
        customers c1_0 
    left join
        users u1_0 
            on u1_0.user_id=c1_0.user_id 
    where
        c1_0.user_id=?
2024-12-07T19:55:34.913+01:00 DEBUG 47189 --- [http-nio-0.0.0.0-8080-exec-2] org.hibernate.SQL                        : 
    select
        u1_0.user_id,
        u1_0.password,
        u1_0.role,
        u1_0.username 
    from
        users u1_0 
    where
        u1_0.username=?
2024-12-07T19:55:34.928+01:00  INFO 47189 --- [http-nio-0.0.0.0-8080-exec-2] org.example.logging.loggingAspect        : 
Result: <200 OK OK,ResponseLoginDTO[jwtToken=eyJhbGciOiJIUzI1NiJ9.eyJyb2xlIjoiTUFOQUdFUiIsImN1c3RvbWVyX2lkIjoxLCJzZWN0b3IiOiLQtNC-0LHQtdC5X9GA0LXQsdC10L3QutCwIiwidmVyc2lvbiI6MSwic3ViIjoidXNlcm5hbWUxIiwiaWF0IjoxNzMzNTk3NzM0LCJleHAiOjE3MzM2ODQxMzR9.21cHt3OeJjhSTCgV_dV-uW71CPqiCWFa3FJfIj63ndQ],[]>
	
2024-12-07T19:55:34.932+01:00 DEBUG 47189 --- [http-nio-0.0.0.0-8080-exec-2] o.s.w.s.m.m.a.HttpEntityMethodProcessor  : Using 'application/json', given [*/*] and supported [application/json, application/*+json]
2024-12-07T19:55:34.932+01:00 DEBUG 47189 --- [http-nio-0.0.0.0-8080-exec-2] o.s.w.s.m.m.a.HttpEntityMethodProcessor  : Writing [ResponseLoginDTO[jwtToken=eyJhbGciOiJIUzI1NiJ9.eyJyb2xlIjoiTUFOQUdFUiIsImN1c3RvbWVyX2lkIjoxLCJzZWN0b (truncated)...]
2024-12-07T19:55:34.935+01:00 DEBUG 47189 --- [http-nio-0.0.0.0-8080-exec-2] o.s.web.servlet.DispatcherServlet        : Completed 200 OK
2024-12-07T19:55:46.278+01:00 DEBUG 47189 --- [http-nio-0.0.0.0-8080-exec-3] org.hibernate.SQL                        : 
    select
        u1_0.user_id,
        c1_0.customer_id,
        c1_0.name,
        c1_0.sector,
        c1_0.version,
        u1_0.password,
        u1_0.role,
        u1_0.username 
    from
        users u1_0 
    join
        customers c1_0 
            on u1_0.user_id=c1_0.user_id 
    where
        u1_0.user_id=?
2024-12-07T19:55:46.280+01:00 DEBUG 47189 --- [http-nio-0.0.0.0-8080-exec-3] org.hibernate.SQL                        : 
    select
        o1_0.customer_id,
        o1_0.order_id,
        o1_0.deliver_to 
    from
        orders o1_0 
    where
        o1_0.customer_id=?
2024-12-07T19:55:46.283+01:00 DEBUG 47189 --- [http-nio-0.0.0.0-8080-exec-3] org.hibernate.SQL                        : 
    select
        li1_0.order_id,
        li1_0.line_item_id,
        p1_0.product_id,
        p1_0.price,
        p1_0.product_name,
        li1_0.quantity 
    from
        line_items li1_0 
    left join
        products p1_0 
            on p1_0.product_id=li1_0.product_id 
    where
        li1_0.order_id=?
2024-12-07T19:55:46.284+01:00 DEBUG 47189 --- [http-nio-0.0.0.0-8080-exec-3] org.hibernate.SQL                        : 
    select
        li1_0.order_id,
        li1_0.line_item_id,
        p1_0.product_id,
        p1_0.price,
        p1_0.product_name,
        li1_0.quantity 
    from
        line_items li1_0 
    left join
        products p1_0 
            on p1_0.product_id=li1_0.product_id 
    where
        li1_0.order_id=?
2024-12-07T19:55:46.286+01:00 DEBUG 47189 --- [http-nio-0.0.0.0-8080-exec-3] org.hibernate.SQL                        : 
    select
        li1_0.order_id,
        li1_0.line_item_id,
        p1_0.product_id,
        p1_0.price,
        p1_0.product_name,
        li1_0.quantity 
    from
        line_items li1_0 
    left join
        products p1_0 
            on p1_0.product_id=li1_0.product_id 
    where
        li1_0.order_id=?
2024-12-07T19:55:46.288+01:00 DEBUG 47189 --- [http-nio-0.0.0.0-8080-exec-3] org.hibernate.SQL                        : 
    select
        li1_0.order_id,
        li1_0.line_item_id,
        p1_0.product_id,
        p1_0.price,
        p1_0.product_name,
        li1_0.quantity 
    from
        line_items li1_0 
    left join
        products p1_0 
            on p1_0.product_id=li1_0.product_id 
    where
        li1_0.order_id=?
2024-12-07T19:55:46.289+01:00 DEBUG 47189 --- [http-nio-0.0.0.0-8080-exec-3] org.hibernate.SQL                        : 
    select
        li1_0.order_id,
        li1_0.line_item_id,
        p1_0.product_id,
        p1_0.price,
        p1_0.product_name,
        li1_0.quantity 
    from
        line_items li1_0 
    left join
        products p1_0 
            on p1_0.product_id=li1_0.product_id 
    where
        li1_0.order_id=?
2024-12-07T19:55:46.290+01:00 DEBUG 47189 --- [http-nio-0.0.0.0-8080-exec-3] org.hibernate.SQL                        : 
    select
        li1_0.order_id,
        li1_0.line_item_id,
        p1_0.product_id,
        p1_0.price,
        p1_0.product_name,
        li1_0.quantity 
    from
        line_items li1_0 
    left join
        products p1_0 
            on p1_0.product_id=li1_0.product_id 
    where
        li1_0.order_id=?
2024-12-07T19:55:46.291+01:00 DEBUG 47189 --- [http-nio-0.0.0.0-8080-exec-3] org.hibernate.SQL                        : 
    select
        li1_0.order_id,
        li1_0.line_item_id,
        p1_0.product_id,
        p1_0.price,
        p1_0.product_name,
        li1_0.quantity 
    from
        line_items li1_0 
    left join
        products p1_0 
            on p1_0.product_id=li1_0.product_id 
    where
        li1_0.order_id=?
2024-12-07T19:55:46.292+01:00 DEBUG 47189 --- [http-nio-0.0.0.0-8080-exec-3] org.hibernate.SQL                        : 
    select
        li1_0.order_id,
        li1_0.line_item_id,
        p1_0.product_id,
        p1_0.price,
        p1_0.product_name,
        li1_0.quantity 
    from
        line_items li1_0 
    left join
        products p1_0 
            on p1_0.product_id=li1_0.product_id 
    where
        li1_0.order_id=?
2024-12-07T19:55:46.294+01:00 DEBUG 47189 --- [http-nio-0.0.0.0-8080-exec-3] org.hibernate.SQL                        : 
    select
        li1_0.order_id,
        li1_0.line_item_id,
        p1_0.product_id,
        p1_0.price,
        p1_0.product_name,
        li1_0.quantity 
    from
        line_items li1_0 
    left join
        products p1_0 
            on p1_0.product_id=li1_0.product_id 
    where
        li1_0.order_id=?
2024-12-07T19:55:46.303+01:00 DEBUG 47189 --- [http-nio-0.0.0.0-8080-exec-3] o.s.web.servlet.DispatcherServlet        : GET "/api/order/11", parameters={}
2024-12-07T19:55:46.303+01:00 DEBUG 47189 --- [http-nio-0.0.0.0-8080-exec-3] s.w.s.m.m.a.RequestMappingHandlerMapping : Mapped to org.example.order.controller.OrderController#read(Long)
2024-12-07T19:55:46.304+01:00  INFO 47189 --- [http-nio-0.0.0.0-8080-exec-3] org.example.logging.loggingAspect        : 
Name:org.example.order.controller.OrderController
	Args:read
2024-12-07T19:55:46.307+01:00 DEBUG 47189 --- [http-nio-0.0.0.0-8080-exec-3] org.hibernate.SQL                        : 
    select
        o1_0.order_id,
        o1_0.customer_id,
        o1_0.deliver_to,
        li1_0.order_id,
        li1_0.line_item_id,
        li1_0.product_id,
        li1_0.quantity 
    from
        orders o1_0 
    left join
        line_items li1_0 
            on o1_0.order_id=li1_0.order_id 
    where
        o1_0.order_id=?
2024-12-07T19:55:46.312+01:00 DEBUG 47189 --- [http-nio-0.0.0.0-8080-exec-3] org.hibernate.SQL                        : 
    select
        c1_0.customer_id,
        c1_0.name,
        c1_0.sector,
        u1_0.user_id,
        u1_0.password,
        u1_0.role,
        u1_0.username,
        c1_0.version 
    from
        customers c1_0 
    left join
        users u1_0 
            on u1_0.user_id=c1_0.user_id 
    where
        c1_0.customer_id=?
2024-12-07T19:55:46.314+01:00 DEBUG 47189 --- [http-nio-0.0.0.0-8080-exec-3] org.hibernate.SQL                        : 
    select
        p1_0.product_id,
        p1_0.price,
        p1_0.product_name 
    from
        products p1_0 
    where
        p1_0.product_id=?
2024-12-07T19:55:46.316+01:00  INFO 47189 --- [http-nio-0.0.0.0-8080-exec-3] org.example.logging.loggingAspect        : 
Result: <200 OK OK,ResponseOrderDTO[id=11, deliverTo=deliverTo, customerId=1, lineItems=[ResponseLineItemDTO[id=1, orderId=11, quantity=5, productId=1]]],[]>
	
2024-12-07T19:55:46.320+01:00 DEBUG 47189 --- [http-nio-0.0.0.0-8080-exec-3] o.s.w.s.m.m.a.HttpEntityMethodProcessor  : Using 'application/json', given [*/*] and supported [application/json, application/*+json]
2024-12-07T19:55:46.321+01:00 DEBUG 47189 --- [http-nio-0.0.0.0-8080-exec-3] o.s.w.s.m.m.a.HttpEntityMethodProcessor  : Writing [ResponseOrderDTO[id=11, deliverTo=deliverTo, customerId=1, lineItems=[ResponseLineItemDTO[id=1, orde (truncated)...]
2024-12-07T19:55:46.323+01:00 DEBUG 47189 --- [http-nio-0.0.0.0-8080-exec-3] o.s.web.servlet.DispatcherServlet        : Completed 200 OK
2024-12-07T19:57:34.093+01:00 DEBUG 47189 --- [http-nio-0.0.0.0-8080-exec-7] o.s.web.servlet.DispatcherServlet        : GET "/api/order", parameters={}
2024-12-07T19:57:34.094+01:00 DEBUG 47189 --- [http-nio-0.0.0.0-8080-exec-7] s.w.s.m.m.a.RequestMappingHandlerMapping : Mapped to org.example.order.controller.OrderController#readAll()
2024-12-07T19:57:34.095+01:00 DEBUG 47189 --- [http-nio-0.0.0.0-8080-exec-7] .m.m.a.ExceptionHandlerExceptionResolver : Using @ExceptionHandler org.example.configurations.globalExceptionHandler.GlobalExceptionHandler#handleAuthorizationDeniedException(AuthorizationDeniedException)
2024-12-07T19:57:34.095+01:00 DEBUG 47189 --- [http-nio-0.0.0.0-8080-exec-7] o.s.w.s.m.m.a.HttpEntityMethodProcessor  : Using 'text/plain', given [*/*] and supported [text/plain, */*, application/json, application/*+json]
2024-12-07T19:57:34.095+01:00 DEBUG 47189 --- [http-nio-0.0.0.0-8080-exec-7] o.s.w.s.m.m.a.HttpEntityMethodProcessor  : Writing ["Access DeniedAccess Denied"]
2024-12-07T19:57:34.096+01:00 DEBUG 47189 --- [http-nio-0.0.0.0-8080-exec-7] .m.m.a.ExceptionHandlerExceptionResolver : Resolved [org.springframework.security.authorization.AuthorizationDeniedException: Access Denied]
2024-12-07T19:57:34.096+01:00 DEBUG 47189 --- [http-nio-0.0.0.0-8080-exec-7] o.s.web.servlet.DispatcherServlet        : Completed 401 UNAUTHORIZED
2024-12-07T19:57:48.574+01:00 DEBUG 47189 --- [http-nio-0.0.0.0-8080-exec-8] o.s.web.servlet.DispatcherServlet        : GET "/api/order", parameters={}
2024-12-07T19:57:48.574+01:00 DEBUG 47189 --- [http-nio-0.0.0.0-8080-exec-8] s.w.s.m.m.a.RequestMappingHandlerMapping : Mapped to org.example.order.controller.OrderController#readAll()
2024-12-07T19:57:48.574+01:00  INFO 47189 --- [http-nio-0.0.0.0-8080-exec-8] org.example.logging.loggingAspect        : 
Name:org.example.order.controller.OrderController
	Args:readAll
2024-12-07T19:57:48.577+01:00 DEBUG 47189 --- [http-nio-0.0.0.0-8080-exec-8] org.hibernate.SQL                        : 
    select
        o1_0.order_id,
        o1_0.customer_id,
        o1_0.deliver_to,
        li1_0.order_id,
        li1_0.line_item_id,
        li1_0.product_id,
        li1_0.quantity 
    from
        orders o1_0 
    left join
        line_items li1_0 
            on o1_0.order_id=li1_0.order_id
2024-12-07T19:57:48.579+01:00 DEBUG 47189 --- [http-nio-0.0.0.0-8080-exec-8] org.hibernate.SQL                        : 
    select
        c1_0.customer_id,
        c1_0.name,
        c1_0.sector,
        u1_0.user_id,
        u1_0.password,
        u1_0.role,
        u1_0.username,
        c1_0.version 
    from
        customers c1_0 
    left join
        users u1_0 
            on u1_0.user_id=c1_0.user_id 
    where
        c1_0.customer_id=?
2024-12-07T19:57:48.580+01:00 DEBUG 47189 --- [http-nio-0.0.0.0-8080-exec-8] org.hibernate.SQL                        : 
    select
        p1_0.product_id,
        p1_0.price,
        p1_0.product_name 
    from
        products p1_0 
    where
        p1_0.product_id=?
2024-12-07T19:57:48.583+01:00 DEBUG 47189 --- [http-nio-0.0.0.0-8080-exec-8] org.hibernate.SQL                        : 
    select
        c1_0.customer_id,
        c1_0.name,
        c1_0.sector,
        u1_0.user_id,
        u1_0.password,
        u1_0.role,
        u1_0.username,
        c1_0.version 
    from
        customers c1_0 
    left join
        users u1_0 
            on u1_0.user_id=c1_0.user_id 
    where
        c1_0.customer_id=?
2024-12-07T19:57:48.587+01:00  INFO 47189 --- [http-nio-0.0.0.0-8080-exec-8] org.example.logging.loggingAspect        : 
Result: <200 OK OK,[ResponseOrderDTO[id=11, deliverTo=deliverTo, customerId=1, lineItems=[ResponseLineItemDTO[id=1, orderId=11, quantity=5, productId=1]]], ResponseOrderDTO[id=12, deliverTo=deliverTo, customerId=1, lineItems=[ResponseLineItemDTO[id=2, orderId=12, quantity=5, productId=1]]], ResponseOrderDTO[id=13, deliverTo=deliverTo, customerId=1, lineItems=[ResponseLineItemDTO[id=3, orderId=13, quantity=5, productId=1]]], ResponseOrderDTO[id=14, deliverTo=deliverTo, customerId=1, lineItems=[ResponseLineItemDTO[id=4, orderId=14, quantity=5, productId=1]]], ResponseOrderDTO[id=15, deliverTo=deliverTo, customerId=1, lineItems=[ResponseLineItemDTO[id=5, orderId=15, quantity=5, productId=1]]], ResponseOrderDTO[id=16, deliverTo=deliverTo, customerId=1, lineItems=[ResponseLineItemDTO[id=6, orderId=16, quantity=5, productId=1]]], ResponseOrderDTO[id=17, deliverTo=deliverTo, customerId=1, lineItems=[ResponseLineItemDTO[id=7, orderId=17, quantity=5, productId=1]]], ResponseOrderDTO[id=21, deliverTo=deliverTo, customerId=1, lineItems=[ResponseLineItemDTO[id=11, orderId=21, quantity=5, productId=1]]], ResponseOrderDTO[id=2, deliverTo=deliverTo, customerId=2, lineItems=[]], ResponseOrderDTO[id=8, deliverTo=deliverTo, customerId=1, lineItems=[]], ResponseOrderDTO[id=4, deliverTo=deliverTo, customerId=2, lineItems=[]], ResponseOrderDTO[id=1, deliverTo=deliverTo, customerId=2, lineItems=[]], ResponseOrderDTO[id=3, deliverTo=deliverTo, customerId=2, lineItems=[]]],[]>
	
2024-12-07T19:57:48.588+01:00 DEBUG 47189 --- [http-nio-0.0.0.0-8080-exec-8] o.s.w.s.m.m.a.HttpEntityMethodProcessor  : Using 'application/json', given [*/*] and supported [application/json, application/*+json]
2024-12-07T19:57:48.589+01:00 DEBUG 47189 --- [http-nio-0.0.0.0-8080-exec-8] o.s.w.s.m.m.a.HttpEntityMethodProcessor  : Writing [[ResponseOrderDTO[id=11, deliverTo=deliverTo, customerId=1, lineItems=[ResponseLineItemDTO[id=1, ord (truncated)...]
2024-12-07T19:57:48.591+01:00 DEBUG 47189 --- [http-nio-0.0.0.0-8080-exec-8] o.s.web.servlet.DispatcherServlet        : Completed 200 OK
2024-12-07T20:03:04.256+01:00 DEBUG 47189 --- [http-nio-0.0.0.0-8080-exec-1] o.s.web.servlet.DispatcherServlet        : POST "/api/product", parameters={}
2024-12-07T20:03:04.256+01:00 DEBUG 47189 --- [http-nio-0.0.0.0-8080-exec-1] s.w.s.m.m.a.RequestMappingHandlerMapping : Mapped to org.example.product.controller.ProductController#create(RequestProductDTO)
2024-12-07T20:03:04.259+01:00 DEBUG 47189 --- [http-nio-0.0.0.0-8080-exec-1] m.m.a.RequestResponseBodyMethodProcessor : Read "application/json;charset=UTF-8" to [RequestProductDTO[productName=NEWProduct, price=25.0]]
2024-12-07T20:03:04.259+01:00  INFO 47189 --- [http-nio-0.0.0.0-8080-exec-1] org.example.logging.loggingAspect        : 
Name:org.example.product.controller.ProductController
	Args:create
2024-12-07T20:03:04.269+01:00 DEBUG 47189 --- [http-nio-0.0.0.0-8080-exec-1] org.hibernate.SQL                        : 
    insert 
    into
        products
        (price, product_name) 
    values
        (?, ?) 
    returning product_id
2024-12-07T20:03:04.323+01:00  INFO 47189 --- [http-nio-0.0.0.0-8080-exec-1] org.example.logging.loggingAspect        : 
Result: <200 OK OK,ResponseProductDTO[id=3, productName=NEWProduct, price=25.0],[]>
	
2024-12-07T20:03:04.326+01:00 DEBUG 47189 --- [http-nio-0.0.0.0-8080-exec-1] o.s.w.s.m.m.a.HttpEntityMethodProcessor  : Using 'application/json', given [*/*] and supported [application/json, application/*+json]
2024-12-07T20:03:04.326+01:00 DEBUG 47189 --- [http-nio-0.0.0.0-8080-exec-1] o.s.w.s.m.m.a.HttpEntityMethodProcessor  : Writing [ResponseProductDTO[id=3, productName=NEWProduct, price=25.0]]
2024-12-07T20:03:04.327+01:00 DEBUG 47189 --- [http-nio-0.0.0.0-8080-exec-1] o.s.web.servlet.DispatcherServlet        : Completed 200 OK
2024-12-07T20:03:35.124+01:00 DEBUG 47189 --- [http-nio-0.0.0.0-8080-exec-2] o.s.web.servlet.DispatcherServlet        : POST "/api/order", parameters={}
2024-12-07T20:03:35.124+01:00 DEBUG 47189 --- [http-nio-0.0.0.0-8080-exec-2] s.w.s.m.m.a.RequestMappingHandlerMapping : Mapped to org.example.order.controller.OrderController#create(RequestOrderDTO)
2024-12-07T20:03:35.127+01:00 DEBUG 47189 --- [http-nio-0.0.0.0-8080-exec-2] m.m.a.RequestResponseBodyMethodProcessor : Read "application/json;charset=UTF-8" to [RequestOrderDTO[deliverTo=deliverTo, customerId=1, lineItems=[RequestLineItemDTO[quantity=5, product (truncated)...]
2024-12-07T20:03:35.128+01:00  INFO 47189 --- [http-nio-0.0.0.0-8080-exec-2] org.example.logging.loggingAspect        : 
Name:org.example.order.controller.OrderController
	Args:create
2024-12-07T20:03:35.133+01:00 DEBUG 47189 --- [http-nio-0.0.0.0-8080-exec-2] org.hibernate.SQL                        : 
    insert 
    into
        orders
        (customer_id, deliver_to) 
    values
        (?, ?) 
    returning order_id
2024-12-07T20:03:35.147+01:00 DEBUG 47189 --- [http-nio-0.0.0.0-8080-exec-2] org.hibernate.SQL                        : 
    insert 
    into
        line_items
        (order_id, product_id, quantity) 
    values
        (?, ?, ?) 
    returning line_item_id
2024-12-07T20:03:35.173+01:00  INFO 47189 --- [http-nio-0.0.0.0-8080-exec-2] org.example.logging.loggingAspect        : 
Result: <200 OK OK,ResponseOrderDTO[id=22, deliverTo=deliverTo, customerId=1, lineItems=[ResponseLineItemDTO[id=12, orderId=22, quantity=5, productId=3]]],[]>
	
2024-12-07T20:03:35.174+01:00 DEBUG 47189 --- [http-nio-0.0.0.0-8080-exec-2] o.s.w.s.m.m.a.HttpEntityMethodProcessor  : Using 'application/json', given [*/*] and supported [application/json, application/*+json]
2024-12-07T20:03:35.174+01:00 DEBUG 47189 --- [http-nio-0.0.0.0-8080-exec-2] o.s.w.s.m.m.a.HttpEntityMethodProcessor  : Writing [ResponseOrderDTO[id=22, deliverTo=deliverTo, customerId=1, lineItems=[ResponseLineItemDTO[id=12, ord (truncated)...]
2024-12-07T20:03:35.175+01:00 DEBUG 47189 --- [http-nio-0.0.0.0-8080-exec-2] o.s.web.servlet.DispatcherServlet        : Completed 200 OK
2024-12-07T20:03:55.626+01:00  INFO 47189 --- [org.springframework.amqp.rabbit.RabbitListenerEndpointContainer#0-2] o.s.a.r.l.SimpleMessageListenerContainer : Waiting for workers to finish.
2024-12-07T20:03:55.690+01:00  INFO 47189 --- [org.springframework.amqp.rabbit.RabbitListenerEndpointContainer#0-2] o.s.a.r.l.SimpleMessageListenerContainer : Successfully waited for workers to finish.
2024-12-07T20:03:55.698+01:00  INFO 47189 --- [SpringApplicationShutdownHook] j.LocalContainerEntityManagerFactoryBean : Closing JPA EntityManagerFactory for persistence unit 'default'
2024-12-07T20:03:55.709+01:00  INFO 47189 --- [SpringApplicationShutdownHook] com.zaxxer.hikari.HikariDataSource       : HikariPool - Shutdown initiated...
2024-12-07T20:03:55.712+01:00  INFO 47189 --- [SpringApplicationShutdownHook] com.zaxxer.hikari.HikariDataSource       : HikariPool - Shutdown completed.
